[debug] [2018-06-22T18:43:02.145Z] ----------------------------------------------------------------------
[debug] [2018-06-22T18:43:02.147Z] Command:       /usr/local/bin/node /usr/local/bin/firebase serve -p 5000
[debug] [2018-06-22T18:43:02.147Z] CLI Version:   3.18.6
[debug] [2018-06-22T18:43:02.148Z] Platform:      darwin
[debug] [2018-06-22T18:43:02.148Z] Node Version:  v8.9.1
[debug] [2018-06-22T18:43:02.148Z] Time:          Fri Jun 22 2018 11:43:02 GMT-0700 (PDT)
[debug] [2018-06-22T18:43:02.148Z] ----------------------------------------------------------------------
[debug] 
[debug] [2018-06-22T18:43:02.158Z] > command requires scopes: ["email","openid","https://www.googleapis.com/auth/cloudplatformprojects.readonly","https://www.googleapis.com/auth/firebase","https://www.googleapis.com/auth/cloud-platform"]
[debug] [2018-06-22T18:43:02.158Z] > authorizing via signed-in user
[debug] [2018-06-22T18:43:02.159Z] > refreshing access token with scopes: ["email","https://www.googleapis.com/auth/cloud-platform","https://www.googleapis.com/auth/cloudplatformprojects.readonly","https://www.googleapis.com/auth/firebase","openid"]
[debug] [2018-06-22T18:43:02.160Z] >>> HTTP REQUEST POST https://www.googleapis.com/oauth2/v3/token  
 { refresh_token: '1/-xj2uRKK2Z-tvRr0hbmeV-JXX9uJFJsStEeja4e0B5A',
  client_id: '563584335869-fgrhgmd47bqnekij5i8b5pr03ho849e6.apps.googleusercontent.com',
  client_secret: 'j9iVZfS8kkCEFUPaAeJV0sAi',
  grant_type: 'refresh_token',
  scope: 'email https://www.googleapis.com/auth/cloud-platform https://www.googleapis.com/auth/cloudplatformprojects.readonly https://www.googleapis.com/auth/firebase openid' } 
 Fri Jun 22 2018 11:43:02 GMT-0700 (PDT)
[debug] [2018-06-22T18:43:02.330Z] <<< HTTP RESPONSE 200
[debug] [2018-06-22T18:43:02.349Z] >>> HTTP REQUEST GET https://admin.firebase.com/v1/projects/careerrocket-f93ee  
  
 Fri Jun 22 2018 11:43:02 GMT-0700 (PDT)
[debug] [2018-06-22T18:43:02.730Z] <<< HTTP RESPONSE 200
[debug] [2018-06-22T18:43:02.731Z] >>> HTTP REQUEST GET https://admin.firebase.com/v1/database/careerrocket-f93ee/tokens  
  
 Fri Jun 22 2018 11:43:02 GMT-0700 (PDT)
[debug] [2018-06-22T18:43:03.073Z] <<< HTTP RESPONSE 200
[debug] [2018-06-22T18:43:03.074Z] >>> HTTP REQUEST GET https://cloudresourcemanager.googleapis.com/v1/projects/careerrocket-f93ee  
  
 Fri Jun 22 2018 11:43:03 GMT-0700 (PDT)
[debug] [2018-06-22T18:43:03.519Z] <<< HTTP RESPONSE 200
[info] 
[info] === Serving from '/Users/Karthik 1/Documents/GitHub/careerrocket'...
[info] 
[debug] [2018-06-22T18:43:03.520Z] >>> HTTP REQUEST GET https://mobilesdk-pa.googleapis.com/v1/projects/20227819319/clients/_:getWebAppConfig  
  
 Fri Jun 22 2018 11:43:03 GMT-0700 (PDT)
[debug] [2018-06-22T18:43:03.831Z] <<< HTTP RESPONSE 200
[info] i  hosting: Serving hosting files from: public
[info] ✔  hosting: Local server: http://localhost:5000

